frameworks/cocos2d-x/plugin/plugins/alipay/proj.android-studio/build/outputs/logs/manifest-merger-debug-report.txt
-- Merging decision tree log ---
manifest
ADDED from alipay\proj.android-studio\AndroidManifest.xml:2:1-6:12
INJECTED from alipay\proj.android-studio\AndroidManifest.xml:2:1-6:12
INJECTED from alipay\proj.android-studio\AndroidManifest.xml:2:1-6:12
INJECTED from alipay\proj.android-studio\AndroidManifest.xml:2:1-6:12
INJECTED from alipay\proj.android-studio\AndroidManifest.xml:2:1-6:12
INJECTED from alipay\proj.android-studio\AndroidManifest.xml:2:1-6:12
INJECTED from alipay\proj.android-studio\AndroidManifest.xml:2:1-6:12
	package
		ADDED from alipay\proj.android-studio\AndroidManifest.xml:3:5-37
		INJECTED from alipay\proj.android-studio\AndroidManifest.xml
		INJECTED from alipay\proj.android-studio\AndroidManifest.xml
	android:versionName
		INJECTED from alipay\proj.android-studio\AndroidManifest.xml
		ADDED from alipay\proj.android-studio\AndroidManifest.xml:2:1-6:12
		INJECTED from alipay\proj.android-studio\AndroidManifest.xml
	android:versionCode
		INJECTED from alipay\proj.android-studio\AndroidManifest.xml
		ADDED from alipay\proj.android-studio\AndroidManifest.xml:2:1-6:12
		INJECTED from alipay\proj.android-studio\AndroidManifest.xml
	xmlns:android
		ADDED from alipay\proj.android-studio\AndroidManifest.xml:2:11-69
application
ADDED from alipay\proj.android-studio\AndroidManifest.xml:4:5-5:19
uses-sdk
INJECTED from alipay\proj.android-studio\AndroidManifest.xml reason: use-sdk injection requested
INJECTED from alipay\proj.android-studio\AndroidManifest.xml
INJECTED from alipay\proj.android-studio\AndroidManifest.xml
INJECTED from alipay\proj.android-studio\AndroidManifest.xml
INJECTED from alipay\proj.android-studio\AndroidManifest.xml
	android:targetSdkVersion
		INJECTED from alipay\proj.android-studio\AndroidManifest.xml
		ADDED from alipay\proj.android-studio\AndroidManifest.xml
		INJECTED from alipay\proj.android-studio\AndroidManifest.xml
	android:minSdkVersion
		INJECTED from alipay\proj.android-studio\AndroidManifest.xml
		ADDED from alipay\proj.android-studio\AndroidManifest.xml
		INJECTED from alipay\proj.android-studio\AndroidManifest.xml